ERROR:
	Book specified in collection not in directory with ID:
	#d75d077d-eca7-4057-9ac7-e0a08241a406^EBOK

ERROR:
	Book specified in collection not in directory with ID:
	*baa6d4b899cf48c54ab76fccf2619c77911476df

ERROR:
	Book specified in collection not in directory with ID:
	#B007DCYSQU^EBOK

ERROR:
	Book specified in collection not in directory with ID:
	#B005OSY720^EBOK

ERROR:
	Book specified in collection not in directory with ID:
	*4d771b6fbe61a1d8d8e5dee2802cde1ccb1e95d0

ERROR:
	Book specified in collection not in directory with ID:
	#B003DKG5H6^EBSP

ERROR:
	Book specified in collection not in directory with ID:
	#B004HHORGA^EBOK

ERROR:
	Book specified in collection not in directory with ID:
	*9e0388c9af45f66fc6d2d0e68ee18626e78ece84

ERROR:
	Book specified in collection not in directory with ID:
	#B004TS9SB6^EBOK

ERROR:
	Book specified in collection not in directory with ID:
	#c0a117c4-2ef2-4b5c-82e3-2f152ae55322^EBOK

ERROR:
	Book specified in collection not in directory with ID:
	#B004UJDK6I^EBOK

ERROR:
	Book specified in collection not in directory with ID:
	#B004TS09CI^EBOK

ERROR:
	Book specified in collection not in directory with ID:
	*dd4788d583c58cbac94e6e12d7dd52116cbb8b92

ERROR:
	Book specified in collection not in directory with ID:
	*0c5e56bb47e704688d8c650a165c2722c3543e60

ERROR:
	Book specified in collection not in directory with ID:
	#B004XQVKYM^EBOK

ERROR:
	Book specified in collection not in directory with ID:
	#B0054H1QF2^EBOK

ERROR:
	Book specified in collection not in directory with ID:
	#B00466H5MU^EBOK

ERROR:
	Book specified in collection not in directory with ID:
	#078d2297-e1d7-4921-8e89-fcb1c43ea782^EBOK

ERROR:
	Book specified in collection not in directory with ID:
	#f9d00c21-f4cc-42fe-8088-4b2687c96aee^EBOK

ERROR:
	Book specified in collection not in directory with ID:
	#3e1f0882-b626-4b57-ac9c-b7a98f5b21ab^EBOK

ERROR:
	Book specified in collection not in directory with ID:
	#7a7da790-bed2-4565-a465-72382831a8a5^EBOK

ERROR:
	Book specified in collection not in directory with ID:
	#57a29d68-ab9a-4a86-b3a4-789e2d5e7640^EBOK

ERROR:
	Book specified in collection not in directory with ID:
	#134868c1-cd63-454f-b25c-a6eb1f3a9264^EBOK

ERROR:
	Book specified in collection not in directory with ID:
	*23df3e4deb24aa0c0415835040e5b8e8952de599

ERROR:
	Book specified in collection not in directory with ID:
	*a0ce9e1b950132fcf185e169166d61ea0a595e3e

ERROR:
	Book specified in collection not in directory with ID:
	#B004FN1R28^EBOK

ERROR:
	Book specified in collection not in directory with ID:
	*0595e83641a6ae4d2500b92a2f144e480e93ed0e

ERROR:
	Book specified in collection not in directory with ID:
	*1c0454694a90af48265b661cd26b03080b1fdeec

ERROR:
	Book specified in collection not in directory with ID:
	*6323667e26b44f4612c8a675bcde820729e0fad8

ERROR:
	Book specified in collection not in directory with ID:
	*596574c9e8f849cf54c7996cc86e88ca2dba894a

ERROR:
	Book specified in collection not in directory with ID:
	*c864495556a5b3cac93cf4d9c0efc6e5f88f5589

ERROR:
	Book specified in collection not in directory with ID:
	*7ff7da68b8ac72261f3d6425dd882b8adfc97a44

ERROR:
	Book specified in collection not in directory with ID:
	*9ad3bfc729875c5b432ad2b868f66e4889d50580

ERROR:
	Book specified in collection not in directory with ID:
	*9d4cf0921f6ae11c18392cbc8e687bd4e98a9a29

ERROR:
	Book specified in collection not in directory with ID:
	*c806a5fc31366c2c72c6245f8220a39af6530407

ERROR:
	Book specified in collection not in directory with ID:
	*88c4ae61f2942e4496446bf2381190ee0f1c4689

ERROR:
	Book specified in collection not in directory with ID:
	#4a0e68d1-f442-47a9-b10d-544357f1913b^EBOK

ERROR:
	Book specified in collection not in directory with ID:
	*678bdc4663c29835ee674d162dbcf55483f18bdc

ERROR:
	Book specified in collection not in directory with ID:
	*07cab0ef40ec3dca743799d0036c701c1271a9bc

ERROR:
	Book specified in collection not in directory with ID:
	*1b4b435cc2f716d807a2b94a14ba6021b7b6fe29

ERROR:
	Book specified in collection not in directory with ID:
	*9ef636bbd65cc3f091b82b5acd5e4c2321d6dfbe

ERROR:
	Book specified in collection not in directory with ID:
	*19bd7e8b6c1ab1e14ac5c7138776af45a72501cc

ERROR:
	Book specified in collection not in directory with ID:
	*0c762529431e55bd1a4dbe1670c54258ea5d73b9

ERROR:
	Book specified in collection not in directory with ID:
	#763bae37-3313-4fb6-8f58-5e255c2eeb6d^EBOK

ERROR:
	Book specified in collection not in directory with ID:
	*c9381132dc9185b654efe91577a1ae78d456e412

ERROR:
	Book specified in collection not in directory with ID:
	#b30a0201-dd0b-4037-a35c-1bc3d77db376^EBOK

ERROR:
	Book specified in collection not in directory with ID:
	#0f84c12f-0f2c-4a40-a32e-82cb158aae1f^EBOK

ERROR:
	Book specified in collection not in directory with ID:
	#40453031-bbe6-486f-9c31-53ffa19f2af7^EBOK

ERROR:
	Book specified in collection not in directory with ID:
	*5f7f096da291934a5dff0e3c5d33dff253c71c0d

ERROR:
	Book specified in collection not in directory with ID:
	#5ee67c77-d351-425c-8325-fdde76fdb630^EBOK

ERROR:
	Book specified in collection not in directory with ID:
	#8f10b3ff-2d3e-41c6-a547-4b519aec8497^EBOK

ERROR:
	Book specified in collection not in directory with ID:
	*cd8d90121bbd508a94564eb4f76040d29d44305e

ERROR:
	Book specified in collection not in directory with ID:
	#77497641-9826-469d-83f4-1438aaabe598^EBOK

ERROR:
	Book specified in collection not in directory with ID:
	*6c1a40fb56310c37419a35c1c3d0351ea02a65bb

ERROR:
	Book specified in collection not in directory with ID:
	#B004H4XCVY^EBOK

ERROR:
	Book specified in collection not in directory with ID:
	*6c7699837694f5939a4684f401904b7bca32d78e

ERROR:
	Book specified in collection not in directory with ID:
	*71d485470b0e3904356abd216605db67b31753b3

ERROR:
	Book specified in collection not in directory with ID:
	*061cb337d0706d970a4ecbfa4aeff7771acbe30e

ERROR:
	Book specified in collection not in directory with ID:
	*ff57f12470d2f84c5e553368c2d0524bb99f61fd

ERROR:
	Book specified in collection not in directory with ID:
	#cf1babe7-f64c-4701-94ff-377284b46bf4^EBOK

ERROR:
	Book specified in collection not in directory with ID:
	*dcc28638a1de8b949cd84ea10a211d0395eabf9f

ERROR:
	Book specified in collection not in directory with ID:
	#f384b4e8-421b-46d7-adc2-2602da7e565a^EBOK

ERROR:
	Book specified in collection not in directory with ID:
	*6effe8c03e214f74ce9f43dc6c76b030d2d011d7

ERROR:
	Book specified in collection not in directory with ID:
	*4e010771cb38c3854316af846aec9aa1f5ac765f

ERROR:
	Book specified in collection not in directory with ID:
	*7175973c4e2ed7ae189a1629a6fd9974a84e75dc

ERROR:
	Book specified in collection not in directory with ID:
	*8e0298fa185c813fd2c8f101c98cfe897b5e0f58

ERROR:
	Book specified in collection not in directory with ID:
	*c74f966209355b8a1e3861a05686e981503c3704

ERROR:
	Book specified in collection not in directory with ID:
	*e6106cfd64729490c58b24f0056bdc5de02414fd

ERROR:
	Book specified in collection not in directory with ID:
	*d059126abc1edd953de5510c5014389e3d3c452b

ERROR:
	Book specified in collection not in directory with ID:
	#B00849406O^EBOK

ERROR:
	Book specified in collection not in directory with ID:
	#B004TRB7CU^EBOK

ERROR:
	Book specified in collection not in directory with ID:
	#B0084C9U66^EBOK

ERROR:
	Book specified in collection not in directory with ID:
	#B00849KO3M^EBOK

ERROR:
	Book specified in collection not in directory with ID:
	*35f006f0d68ecdee5cd296066d445770b1235aff

ERROR:
	Book specified in collection not in directory with ID:
	#B0082S72UI^EBOK

ERROR:
	Book specified in collection not in directory with ID:
	#B0082T0RMM^EBOK

ERROR:
	Book specified in collection not in directory with ID:
	#B0082ZJMPY^EBOK

ERROR:
	Book specified in collection not in directory with ID:
	#B0082ZJNN0^EBOK

ERROR:
	Book specified in collection not in directory with ID:
	#B0083ZRC6O^EBOK

ERROR:
	Book specified in collection not in directory with ID:
	#B00847CRXE^EBOK

ERROR:
	Book specified in collection not in directory with ID:
	#B0082S2LMM^EBOK

ERROR:
	Book specified in collection not in directory with ID:
	#B00846ZI18^EBOK

ERROR:
	Book specified in collection not in directory with ID:
	#B00847T3TU^EBOK

ERROR:
	Book specified in collection not in directory with ID:
	#B0082S5YNU^EBOK

ERROR:
	Book specified in collection not in directory with ID:
	*826eb8572f31d560139c26a4e0863b2792ece743

ERROR:
	Book specified in collection not in directory with ID:
	*fb398d9e5ed2f8cfe759b532763f73af0078d21d

ERROR:
	Book specified in collection not in directory with ID:
	*d337d6ce467ac924c3ca5a81e1ab1f12963b5ed5

ERROR:
	Book specified in collection not in directory with ID:
	#B0082S22IU^EBOK

ERROR:
	Book specified in collection not in directory with ID:
	#B00847ERJQ^EBOK

ERROR:
	Book specified in collection not in directory with ID:
	#B004IK9RUC^EBOK

ERROR:
	Book specified in collection not in directory with ID:
	#B004UJ8LVM^EBOK

ERROR:
	Book specified in collection not in directory with ID:
	#B0082S4TFO^EBOK

ERROR:
	Book specified in collection not in directory with ID:
	#B0082UQ964^EBOK

ERROR:
	Book specified in collection not in directory with ID:
	#B0082XHJEC^EBOK

ERROR:
	Book specified in collection not in directory with ID:
	#B0082T10JQ^EBOK

ERROR:
	Book specified in collection not in directory with ID:
	#B004UJCSBG^EBOK

ERROR:
	Book specified in collection not in directory with ID:
	#B004UJZNN6^EBOK

ERROR:
	Book specified in collection not in directory with ID:
	#B0082SOOAY^EBOK

ERROR:
	Book specified in collection not in directory with ID:
	#B0082VBNRS^EBOK

ERROR:
	Book specified in collection not in directory with ID:
	#B0082S97W4^EBOK

ERROR:
	Book specified in collection not in directory with ID:
	#B0083ZYXHK^EBOK

ERROR:
	Book specified in collection not in directory with ID:
	#B000JQUHLC^EBOK

ERROR:
	Book specified in collection not in directory with ID:
	#B0084716EK^EBOK

ERROR:
	Book specified in collection not in directory with ID:
	#B004TQJR82^EBOK

ERROR:
	Book specified in collection not in directory with ID:
	#B00846QWM2^EBOK

ERROR:
	Book specified in collection not in directory with ID:
	#B0082SV87G^EBOK

ERROR:
	Book specified in collection not in directory with ID:
	#B005IXSX6M^EBOK

ERROR:
	Book specified in collection not in directory with ID:
	#B004TPCQWC^EBOK

ERROR:
	Book specified in collection not in directory with ID:
	#B0084BBIYE^EBOK

ERROR:
	Book specified in collection not in directory with ID:
	#B00847LC1M^EBOK

ERROR:
	Book specified in collection not in directory with ID:
	#B0082QU5R2^EBOK

ERROR:
	Book specified in collection not in directory with ID:
	#B00847CE6O^EBOK

ERROR:
	Book specified in collection not in directory with ID:
	#B00AQN36UW^EBOK

ERROR:
	Book specified in collection not in directory with ID:
	#B004TPP976^EBOK

ERROR:
	Book specified in collection not in directory with ID:
	#B007UH4DA4^EBOK

ERROR:
	Book specified in collection not in directory with ID:
	#B0082Z8X2C^EBOK

ERROR:
	Book specified in collection not in directory with ID:
	#B008R51O14^EBOK

ERROR:
	Book specified in collection not in directory with ID:
	#e3ce05da-c126-4a0e-94bf-cd784a7f616a^EBOK

ERROR:
	Book specified in collection not in directory with ID:
	#dfe624cc-bbf6-450e-a459-ef540c3594a3^EBOK

ERROR:
	Book specified in collection not in directory with ID:
	#9c57c499-b297-4332-b4ee-c5350401fb93^EBOK

ERROR:
	Book specified in collection not in directory with ID:
	#48b0dddc-7d52-4c2d-aaae-9730c9a1b689^EBOK

ERROR:
	Book specified in collection not in directory with ID:
	#09a520c2-4787-4423-8edc-8cf6f7ad84a7^EBOK

ERROR:
	Book specified in collection not in directory with ID:
	#93580fdc-9b15-495f-9cb1-9ace361671db^EBOK

ERROR:
	Book specified in collection not in directory with ID:
	#6b3f6b22-a157-49d4-9f85-038be4da88e0^EBOK

ERROR:
	Book specified in collection not in directory with ID:
	#f9084337-23cb-4f9b-a44a-0f91a61b4af7^EBOK

ERROR:
	Book specified in collection not in directory with ID:
	#24175263-5a85-4457-926d-7dfbd6aa0501^EBOK

ERROR:
	Book specified in collection not in directory with ID:
	*0f9d7cc4949b374275f853a181da0f8e7a150113

ERROR:
	Book specified in collection not in directory with ID:
	#3a50f275-15da-4a8a-aab7-e9e34c5421a8^EBOK

ERROR:
	Book specified in collection not in directory with ID:
	*66806da7be346b731a6a56ae690ad10bddbc9757

ERROR:
	Book specified in collection not in directory with ID:
	#B00BH5HYUG^EBOK

ERROR:
	Book specified in collection not in directory with ID:
	*4193bb93a3022781cdcd76578548a266a0565f07

ERROR:
	Book specified in collection not in directory with ID:
	*3361ab2c0ac27cee332ad4b96bbab3fc6b2d8467

ERROR:
	Book specified in collection not in directory with ID:
	*bbe45320687401d01f1b5ea3e8dfad8743000015

ERROR:
	Book specified in collection not in directory with ID:
	*0cb1fd9278e979c58e12acc00e42c7f81203d363

ERROR:
	Book specified in collection not in directory with ID:
	*77387b072460f90ec346cf4024f8d7917223a2f2

ERROR:
	Book specified in collection not in directory with ID:
	*18bdc904823904ed6c4556e37d823739a87cf8e8

ERROR:
	Book specified in collection not in directory with ID:
	*d8e5514e5d7d26f9ec49aa18609b1b18e4031584

ERROR:
	Book specified in collection not in directory with ID:
	*af646b80e6f7b86151a9656c4595bf416abde87d

ERROR:
	Book specified in collection not in directory with ID:
	*efcf58c4d5a2974ee2d691ed9035b4e531f9f929

ERROR:
	Book specified in collection not in directory with ID:
	*1d363013d65eae4a23a56236829c8f89e344e279

ERROR:
	Book specified in collection not in directory with ID:
	*dc21e1bdb0326c08ae46254efd488c46200c8770

ERROR:
	Book specified in collection not in directory with ID:
	*dafcd7613a45c0948d55fec9beb95544f604e5b2

ERROR:
	Book specified in collection not in directory with ID:
	*f6beda9e247afaed2aea99cc105fcfe699764278

ERROR:
	Book specified in collection not in directory with ID:
	*85e42a98b734b811590cda009c1d4d5f00df0bbf

ERROR:
	Book specified in collection not in directory with ID:
	*9e345db81387d576be1ce01f3f4696a8763b14b3

ERROR:
	Book specified in collection not in directory with ID:
	*5801909dab824abc0fc3fe2eaef93dbb4d9f3c2c

ERROR:
	Book specified in collection not in directory with ID:
	*6af944f42d60d0889e55ae7ccda94f2e15c8c65a

ERROR:
	Book specified in collection not in directory with ID:
	*22ad28a5296dc8c4111d0df41dbfbdb90bd3f150

ERROR:
	Book specified in collection not in directory with ID:
	*1b5f27d0b0fc9a8ea04c38f251c6bb3774e1f4cd

ERROR:
	Book specified in collection not in directory with ID:
	*fa74a19bc0496055dbaca26311190e95d020617f

ERROR:
	Book specified in collection not in directory with ID:
	*07336e05b5c01884b99bf987db614002d150b0ce

ERROR:
	Book specified in collection not in directory with ID:
	*a607145c31354d82d438edcbd0d6fe679cddbae1

ERROR:
	Book specified in collection not in directory with ID:
	*4cacbf11aed3fdbf521f7a8fc251f3ae4939c669

ERROR:
	Book specified in collection not in directory with ID:
	*201343d96667d718398fec29b1481f67a65d1ca8

ERROR:
	Book specified in collection not in directory with ID:
	*b49e68a778344b3a0be600b2785c7d91a8f7ef30

ERROR:
	Book specified in collection not in directory with ID:
	*863d144397296b34b854cfff065d1002facc565c

ERROR:
	Book specified in collection not in directory with ID:
	*66deb27345c51785ad1b958be446afbdd69f65e8

ERROR:
	Book specified in collection not in directory with ID:
	*500772e44f76cdc4584e8b453035fcd2205272b2

ERROR:
	Book specified in collection not in directory with ID:
	*05c12c5e9091db1a3d3fbd0f259c5b41735730cd

ERROR:
	Book specified in collection not in directory with ID:
	*a6b7f357076c4c61d703b3999531f591fa5c426b

ERROR:
	Book specified in collection not in directory with ID:
	*9a9262fb82420469fdef0ce6ed13cae403092e33

ERROR:
	Book specified in collection not in directory with ID:
	*f5ae675c4cca5b00ff71d14185da046ac45aa0fe

ERROR:
	Book specified in collection not in directory with ID:
	*4619f892d9323ef91705c123b6eeb8ed731dcb1c

ERROR:
	Book specified in collection not in directory with ID:
	*c4dd4672bbe38af76e2bc5cfb19a7f296466e97c

ERROR:
	Book specified in collection not in directory with ID:
	*603a3ba795b838a14b3fa3b41739412fdb6558ff

ERROR:
	Book specified in collection not in directory with ID:
	*6b175dbb12caa3a1a27d6e3d16ad584a3db0a966

ERROR:
	Book specified in collection not in directory with ID:
	*ddcfcadde2398e3204dac718e5d99844f894ff0c

ERROR:
	Book specified in collection not in directory with ID:
	*54cb12d60cf3c4560a3a83d9a885690f88ebebd4

ERROR:
	Book specified in collection not in directory with ID:
	#B0055KX5SO^EBOK

ERROR:
	Book specified in collection not in directory with ID:
	*f5e84ff3a0d43435914db77c700ebff25bf1f10d

ERROR:
	Book specified in collection not in directory with ID:
	*2f3d0dd1b61a27cf244453fe9c41656b727db226

ERROR:
	Book specified in collection not in directory with ID:
	#ca717140-837f-4d79-bcdb-f71027a659a5^EBOK

ERROR:
	Book specified in collection not in directory with ID:
	#4997fd3d-e619-47df-a479-125b6e6463b8^EBOK

ERROR:
	Book specified in collection not in directory with ID:
	#B002RKRMSY^EBOK

ERROR:
	Book specified in collection not in directory with ID:
	#aff55a34-e6c3-4801-904f-ef55b91a3d9b^EBOK

ERROR:
	Book specified in collection not in directory with ID:
	*2f9f19e4f4bde35978d739d244344068d755dfd0

ERROR:
	Book specified in collection not in directory with ID:
	*1d72c9f28a4331c9f7ac34e1610da5feaf157403

ERROR:
	Book specified in collection not in directory with ID:
	*6a275045515e2f0b0aef785293fad8786b3308e2

ERROR:
	Book specified in collection not in directory with ID:
	*154723788c3c275d1bb9db30c7ff99e7fff2687e

ERROR:
	Book specified in collection not in directory with ID:
	*086ea290e54e9e03cda4467727907b58e4d16f0b

ERROR:
	Book specified in collection not in directory with ID:
	*fac0b37fd9fc74fbb7c7a8de8aa5c8d1810a0a85

ERROR:
	Book specified in collection not in directory with ID:
	*a14dca848a4a2b62a0d3e8b05b5f5af52ea9b9cb

ERROR:
	Book specified in collection not in directory with ID:
	*f8424dd28565547d168dd4f71d5aac3382d7ba59

ERROR:
	Book specified in collection not in directory with ID:
	*94512358209d0dee3e51ccabe8c53aa8868aba9b

ERROR:
	Book specified in collection not in directory with ID:
	*b0cc375c708c7fe5998d2d4cf3a85926a5e42658

ERROR:
	Book specified in collection not in directory with ID:
	#B005IHDX18^EBOK

ERROR:
	Book specified in collection not in directory with ID:
	*e93b93d499128a33b9a1089c2f151960df514ead

ERROR:
	Book specified in collection not in directory with ID:
	#73bd15e5-83bf-417a-b9a9-aa97f952df7e^EBOK

ERROR:
	Book specified in collection not in directory with ID:
	#7202a187-ab3e-4763-a0d3-4a2d7afd7512^EBOK

ERROR:
	Book specified in collection not in directory with ID:
	*b717be4f6e4b03d6f1a7c4f5d7c65aa64dac407c

ERROR:
	Book specified in collection not in directory with ID:
	*a31bf56f22b48fe005fcc52f6666330c113824fd

ERROR:
	Book specified in collection not in directory with ID:
	*cd06ff71341f017575ba21ab289019d79d76f8e0

ERROR:
	Book specified in collection not in directory with ID:
	*9631eef9c496ade5c956a36558032decc876b1ca

ERROR:
	Book specified in collection not in directory with ID:
	*cb64f0ffdf59c9728dea412b88d4e1b0ed4cbb18

ERROR:
	Book specified in collection not in directory with ID:
	*1af4e70a6777c3a5c3c19eb3064499956acdf920

ERROR:
	Book specified in collection not in directory with ID:
	*022174bb07b4be82265261b4c4084b4bd5175e9e

ERROR:
	Book specified in collection not in directory with ID:
	*f7cc72959dd70ce8e64dd68a63bc0b7e011a486e

ERROR:
	Book specified in collection not in directory with ID:
	*09437544a8166c03064b4c87794e4eea19e8d65a

ERROR:
	Book specified in collection not in directory with ID:
	*4fbf3c1c4948c77af6135a8385a437639af4f02a

ERROR:
	Book specified in collection not in directory with ID:
	*2e80af41d5294aa06cdbf03265179c594f305304

ERROR:
	Book specified in collection not in directory with ID:
	#B0084BL54W^EBOK

ERROR:
	Book specified in collection not in directory with ID:
	#26e6177c-d826-4a16-8c30-8ec412856d06^EBOK

ERROR:
	Book specified in collection not in directory with ID:
	*72024e0998b4dbc70fed57d00b13ddefcfe6d992

ERROR:
	Book specified in collection not in directory with ID:
	*d55e21e87eef673392841f00eab7aef5f72481de

ERROR:
	Book specified in collection not in directory with ID:
	*e820c139eb096ffa87350748127072f414b58300

ERROR:
	Book specified in collection not in directory with ID:
	*32252b698e11a3898281f90b4a9155b20fa09032

ERROR:
	Book specified in collection not in directory with ID:
	*5b1f1a69b3fefc648f03509ac5e98a69393eb76c

ERROR:
	Book specified in collection not in directory with ID:
	*38ff3407c72163e251bf8e59825ac8c1b12c221b

ERROR:
	Book specified in collection not in directory with ID:
	*57a3f749fd6e2ed7beb43e6a4d362c2ab65db54d

ERROR:
	Book specified in collection not in directory with ID:
	*bd161193588a8333d8931da03e4963c244bd1083

ERROR:
	Book specified in collection not in directory with ID:
	*0e0a23711646ee8d600d76094d8ecbd5c7ab5e90

ERROR:
	Book specified in collection not in directory with ID:
	*5650ed9a9926e2176895c81530402f7420e84f25

ERROR:
	Book specified in collection not in directory with ID:
	*908d094a1a5dc64fa0f7ad7de82ad8a6c3c92be7

ERROR:
	Book specified in collection not in directory with ID:
	*b26a3a80e62f9086996415fca48fda240b07448a

ERROR:
	Book specified in collection not in directory with ID:
	#4fb7e72a-4956-4df1-82e3-d5d9fa4e5deb^EBOK

ERROR:
	Book specified in collection not in directory with ID:
	*e6132801cf7b0d1601ce1cf57952802d4d6da28d

ERROR:
	Book specified in collection not in directory with ID:
	#85e20d6f-9529-4d15-93aa-9456022a6fb0^EBOK

ERROR:
	Book specified in collection not in directory with ID:
	*77ed474eca2fdafc1d395bcb2b33dabc77f9abb1

ERROR:
	Book specified in collection not in directory with ID:
	#59916c16-42eb-4c02-a2ff-4eb325be61b9^EBOK

ERROR:
	Book specified in collection not in directory with ID:
	#c2573eb8-a9bd-4244-bd20-a180af50c17e^EBOK

ERROR:
	Book specified in collection not in directory with ID:
	*aaf08d49e8ef6078d2017f26921ae8616c0a7203

ERROR:
	Book specified in collection not in directory with ID:
	*6670c57522750fd846294d03f6532b8803ece523

ERROR:
	Book specified in collection not in directory with ID:
	#B000JMLBHU^EBOK

ERROR:
	Book specified in collection not in directory with ID:
	*7d72286235fcd31eddf4380baf9f20310f5b5e23

ERROR:
	Book specified in collection not in directory with ID:
	#c7dad49e-22d7-461a-a6f2-d3b47071a439^EBOK

ERROR:
	Book specified in collection not in directory with ID:
	#B0080K3HTI^EBSP

ERROR:
	Book specified in collection not in directory with ID:
	#cb3d090a-55af-44f6-913b-fd4876e87341^EBOK

ERROR:
	Book specified in collection not in directory with ID:
	*32d9cc8494c45bc300269a563b7dc95bd6557c9f

ERROR:
	Book specified in collection not in directory with ID:
	#ca38ea61-3941-42bb-90bb-3c2642ec021e^EBOK

ERROR:
	Book specified in collection not in directory with ID:
	*1384ed990bd37ff5495d238162600547d72896c3

ERROR:
	Book specified in collection not in directory with ID:
	*fe4f8deabbbb9ed02f2b62e5b940b3f538c8493e

ERROR:
	Book specified in collection not in directory with ID:
	#c4b6f905-7c73-4fa5-b6c7-46f28e05dc50^EBOK

ERROR:
	Book specified in collection not in directory with ID:
	#B005FC52L0^EBOK

ERROR:
	Book specified in collection not in directory with ID:
	#B00CBH955G^EBOK

ERROR:
	Book specified in collection not in directory with ID:
	#c5c2ba8e-cace-475a-9cf4-b5a1db98b8fc^EBOK

ERROR:
	Book specified in collection not in directory with ID:
	#B00ADAD7D4^EBOK

ERROR:
	Book specified in collection not in directory with ID:
	*e0f5fe3aebedc7093a85251da5fc3cf58b43660f

ERROR:
	Book specified in collection not in directory with ID:
	#B00847VIBQ^EBOK

ERROR:
	Book specified in collection not in directory with ID:
	#B005LGUMKQ^EBOK

ERROR:
	Book specified in collection not in directory with ID:
	#0c1f95fa-0c1b-478b-9253-6b7023238f49^EBOK

ERROR:
	Book specified in collection not in directory with ID:
	*5c2fd5cd858ee9c451367de553ea3f99678257aa

ERROR:
	Book specified in collection not in directory with ID:
	#f384b4e8-421b-46d7-adc2-2602da7e565a^EBOK

ERROR:
	Book specified in collection not in directory with ID:
	*eacfe964dc02ecc30f91511465105ea4904c0971

ERROR:
	Book specified in collection not in directory with ID:
	*a9fc60e80581a122e67cde487ffb71a0848cac0a

ERROR:
	Book specified in collection not in directory with ID:
	*b810599026450e79bf94c1d4bbf48e0b51ca9d30

ERROR:
	Book specified in collection not in directory with ID:
	#B00AF2CSFS^EBOK

ERROR:
	Book specified in collection not in directory with ID:
	#B001V7U7RC^EBOK

ERROR:
	Book specified in collection not in directory with ID:
	*aed3db8e633b51574bafd97cd6005bd2f30c7cf8

ERROR:
	Book specified in collection not in directory with ID:
	*d7d579e48856fc6eb1e973a02789cdfaa8f3c9cc

ERROR:
	Book specified in collection not in directory with ID:
	*9063a91d2d4f6fd0506712c07cf3d24a205aa6d8

ERROR:
	Book specified in collection not in directory with ID:
	*e1ac789bdbc341ab19b1b6989144ea2d227df4c8

ERROR:
	Book specified in collection not in directory with ID:
	*f4f7581ef9b5fe849003b0fede147e8ec35d1281

ERROR:
	Book specified in collection not in directory with ID:
	#a441ef3b-0112-42b3-ad76-dcb9a3a2cb34^EBOK

ERROR:
	Book specified in collection not in directory with ID:
	#B005QPBA5I^EBSP

ERROR:
	Book specified in collection not in directory with ID:
	*b2bf8fe3e04e9bde731b8626ca9d72bf50a6e342

ERROR:
	Book specified in collection not in directory with ID:
	*1c78182ff6f04d65c0dc609ae94f5ff2818d4f09

ERROR:
	Book specified in collection not in directory with ID:
	*3a60b3bd24a542d4aa975840bfc78215a7050181

ERROR:
	Book specified in collection not in directory with ID:
	#B002RHN7RM^EBSP

ERROR:
	Book specified in collection not in directory with ID:
	*8d6e05c13744b946fee02925a49944aa6345997c

ERROR:
	Book specified in collection not in directory with ID:
	*75211508e42bb9dee4b695d3b05ad6303696e1a9

ERROR:
	Book specified in collection not in directory with ID:
	*3fbd80414af89339503b5577b40d847725cb6ba7

ERROR:
	Book specified in collection not in directory with ID:
	#B003I84OIU^EBSP

ERROR:
	Book specified in collection not in directory with ID:
	*fc9dbfd5f71ff2590c5084380002a5b1a8dd8d24

ERROR:
	Book specified in collection not in directory with ID:
	*3779fc61e013946439e6768ef84e7ff67056ada9

ERROR:
	Book specified in collection not in directory with ID:
	*a1cb6bf95146cf5b679d23f4fd28dcab0776b750

ERROR:
	Book specified in collection not in directory with ID:
	*d80a2240ee224b7bd124d5e1d3250810f8a4c232

ERROR:
	Book specified in collection not in directory with ID:
	*e565870825fc3c13fcb9916b6267d2b7d7d3df5f

ERROR:
	Book specified in collection not in directory with ID:
	#B008EKF87S^EBSP

ERROR:
	Book specified in collection not in directory with ID:
	*1f119175c379e41c9914cbffd02cb7d5cc4cd472

ERROR:
	Book specified in collection not in directory with ID:
	*b59d4eb27acb49324b1523802d536e808a479c47

ERROR:
	Book specified in collection not in directory with ID:
	#B002N3M6SG^EBOK

ERROR:
	Book specified in collection not in directory with ID:
	#B004OEJN3I^EBSP

ERROR:
	Book specified in collection not in directory with ID:
	#258d1784-8404-4846-aa9e-f7e89db1935c^EBOK

ERROR:
	Book specified in collection not in directory with ID:
	*fab3bbef078396ac09170c5f7c91b06dceb20329

ERROR:
	Book specified in collection not in directory with ID:
	#061156a8-db1d-4824-8ac8-5cc24d354a11^EBOK

ERROR:
	Book specified in collection not in directory with ID:
	#8f94ae18-3e54-4caf-8046-50e9390b9e02^EBOK

ERROR:
	Book specified in collection not in directory with ID:
	#e1ebb989-7572-4fde-88c6-b0df6997f416^EBOK

ERROR:
	Book specified in collection not in directory with ID:
	#32e9dbd9-d174-49e8-89e2-43113cb23457^EBOK

ERROR:
	Book specified in collection not in directory with ID:
	#7945d189-f0c4-4744-984a-d04a2a1c366c^EBOK

ERROR:
	Book specified in collection not in directory with ID:
	#162140da-ab59-420b-a383-5f9518d98936^EBOK

ERROR:
	Book specified in collection not in directory with ID:
	#55aa73d6-fc76-4723-956f-e2f785733dad^EBOK

ERROR:
	Book specified in collection not in directory with ID:
	#f48594da-8a79-48cc-8aef-28bc3af6a96d^EBOK

ERROR:
	Book specified in collection not in directory with ID:
	#e7cdcf8e-fcfb-44d6-8a93-ada2aba63e81^EBOK

ERROR:
	Book specified in collection not in directory with ID:
	#8bc16e36-88e0-42ff-90e1-f52be92585dc^EBOK

ERROR:
	Book specified in collection not in directory with ID:
	#4c60b707-6f7c-4e94-ba97-c01e56aa258b^EBOK

ERROR:
	Book specified in collection not in directory with ID:
	#a15aaea0-7875-4f62-a1dc-2c75e05a55ed^EBOK

ERROR:
	Book specified in collection not in directory with ID:
	*5f1468f72f425910b1035e07705b6500b36edfb1

ERROR:
	Book specified in collection not in directory with ID:
	*28f61c1eb9c5b799dd54909782373ec5be6bc5f8

ERROR:
	Book specified in collection not in directory with ID:
	#ecac3f25-d907-4bf3-b88c-8e0d612b36a1^EBOK

ERROR:
	Book specified in collection not in directory with ID:
	*65310e5f5d34838aed1860937341161c54954667

ERROR:
	Book specified in collection not in directory with ID:
	#021615e9-4533-4ea7-a590-7d2f57ec3e7f^EBOK

ERROR:
	Book specified in collection not in directory with ID:
	#a8858dfb-90b2-471c-a880-53a9cde19b24^EBOK

ERROR:
	Book specified in collection not in directory with ID:
	*87bd509f61f4ee5f7b3fc3f4d0dfdf57c79c170a

ERROR:
	Book specified in collection not in directory with ID:
	*f995d8d113bb83fed905c25322f8e594dfd61345

ERROR:
	Book specified in collection not in directory with ID:
	*d456c087e4b37d7f240cdf0a7b055f98b9a54f0b

ERROR:
	Book specified in collection not in directory with ID:
	*7c789a7622ee07a345719591e081fd2896634395

ERROR:
	Book specified in collection not in directory with ID:
	#B0046LVCAQ^EBOK

ERROR:
	Book specified in collection not in directory with ID:
	*673fc811ec7fd5a8eac624180076728119b9f114

ERROR:
	Book specified in collection not in directory with ID:
	*1ac39b5c6f90a374bf1b73a8958ce5d114178cd1

ERROR:
	Book specified in collection not in directory with ID:
	*7499376ff3335ac4c6f836b6f38c4e642f3cc36c

ERROR:
	Book specified in collection not in directory with ID:
	*287594556c860da1959caed28543cfa9eaa8f993

ERROR:
	Book specified in collection not in directory with ID:
	*bf097382a2f5a9951f7a8b783f6a97b3ae316c13

ERROR:
	Book specified in collection not in directory with ID:
	*5a71a543cd05d395e7c7940b1afd02a663593471

ERROR:
	Book specified in collection not in directory with ID:
	#B0084B050M^EBOK

ERROR:
	Book specified in collection not in directory with ID:
	#42cabd9a-b95b-4886-9bb6-9847e0ee8c12^EBOK

ERROR:
	Book specified in collection not in directory with ID:
	*74a3cb22910159db1a5f5da77a5414a6280e0bdc

ERROR:
	Book specified in collection not in directory with ID:
	#B009PM8XOY^EBOK

ERROR:
	Book specified in collection not in directory with ID:
	#B008R51O14^EBOK

ERROR:
	Book specified in collection not in directory with ID:
	*7f4e23f7af86d7aea2728d373a887cb187564c89

ERROR:
	Book specified in collection not in directory with ID:
	#B004DWLGGS^AZW2

ERROR:
	Book specified in collection not in directory with ID:
	#B004TCSMQY^AZW2

ERROR:
	Book specified in collection not in directory with ID:
	#B003P37FW0^AZW2

ERROR:
	Book specified in collection not in directory with ID:
	#B005CXI8I6^AZW2

ERROR:
	Book specified in collection not in directory with ID:
	#B005OR9H5S^AZW2

ERROR:
	Book specified in collection not in directory with ID:
	#B005IQHS7E^AZW2

ERROR:
	Book specified in collection not in directory with ID:
	#B00688970M^AZW2

ERROR:
	Book specified in collection not in directory with ID:
	#B003P3BCVA^AZW2

ERROR:
	Book specified in collection not in directory with ID:
	#B00501DMFY^AZW2

ERROR:
	Book specified in collection not in directory with ID:
	#B003P38AAG^AZW2

ERROR:
	Book specified in collection not in directory with ID:
	#B004Y51PW4^AZW2

ERROR:
	Book specified in collection not in directory with ID:
	#B006N4DAZE^EBOK

ERROR:
	Book specified in collection not in directory with ID:
	*fb3fb2d07efaa2ac4ce0f57e986d725813e0b1d2

ERROR:
	Book specified in collection not in directory with ID:
	*305e45f5bc8f6b0966bcb68c8620b2d4a121b79c

ERROR:
	Book specified in collection not in directory with ID:
	*1b7be01f1a56ae28bab4343496d61af3b24d2213

ERROR:
	Book specified in collection not in directory with ID:
	#db4fce54-16a4-4a0b-a199-4c7ef588762a^EBOK

ERROR:
	Book specified in collection not in directory with ID:
	*97dfbd12cf314ecc75a75fed7577d9716b92e408

ERROR:
	Book specified in collection not in directory with ID:
	*3366ef7c7dad2953a5aabcad93de2835a836e0b2

ERROR:
	Book specified in collection not in directory with ID:
	*220e9d3cb2a17348953bae1e2a604ba1f94c5862

ERROR:
	Book specified in collection not in directory with ID:
	*79e2c2281b35bd6109855fe36d1b1d26ae39f2f7

ERROR:
	Book specified in collection not in directory with ID:
	*48bbe1d48881f94c0d1a7a8481fbbe7623779bc0

ERROR:
	Book specified in collection not in directory with ID:
	*ebaff72b5dccf1c21da9b3f768684c16b8591cda

ERROR:
	Book specified in collection not in directory with ID:
	*b39dc7ad6ad139244528e019c6cc0e4381d82540

ERROR:
	Book specified in collection not in directory with ID:
	*4a9678546503d06fbad8209458c7de3e87dc2117

